# JRE version: Java(TM) SE Runtime Environment (8.0_73-b02) (build 1.8.0_73-b02)
# Java VM: Java HotSpot(TM) 64-Bit Server VM (25.73-b02 mixed mode windows-amd64 compressed oops)
Heap:
 PSYoungGen      total 530944K, used 311823K [0x00000000d5580000, 0x00000000f9e00000, 0x0000000100000000)
  eden space 469504K, 66% used [0x00000000d5580000,0x00000000e8603c38,0x00000000f2000000)
  from space 61440K, 0% used [0x00000000f6200000,0x00000000f6200000,0x00000000f9e00000)
  to   space 64512K, 0% used [0x00000000f2000000,0x00000000f2000000,0x00000000f5f00000)
 ParOldGen       total 427520K, used 70516K [0x0000000080000000, 0x000000009a180000, 0x00000000d5580000)
  object space 427520K, 16% used [0x0000000080000000,0x00000000844dd160,0x000000009a180000)
 Metaspace       used 78681K, capacity 86532K, committed 91392K, reserved 1130496K
  class space    used 9736K, capacity 10282K, committed 11264K, reserved 1048576K
GC Heap History (10 events):
Event: 27843.720 GC heap before
{Heap before GC invocations=251 (full 61):
 PSYoungGen      total 534016K, used 16016K [0x00000000d5580000, 0x00000000fa900000, 0x0000000100000000)
  eden space 469504K, 0% used [0x00000000d5580000,0x00000000d5580000,0x00000000f2000000)
  from space 64512K, 24% used [0x00000000f6a00000,0x00000000f79a4118,0x00000000fa900000)
  to   space 70144K, 0% used [0x00000000f2000000,0x00000000f2000000,0x00000000f6480000)
 ParOldGen       total 427520K, used 59149K [0x0000000080000000, 0x000000009a180000, 0x00000000d5580000)
  object space 427520K, 13% used [0x0000000080000000,0x00000000839c3618,0x000000009a180000)
 Metaspace       used 79049K, capacity 86550K, committed 91136K, reserved 1128448K
  class space    used 9736K, capacity 10228K, committed 11264K, reserved 1048576K
Event: 27844.097 GC heap after
Heap after GC invocations=251 (full 61):
 PSYoungGen      total 534016K, used 0K [0x00000000d5580000, 0x00000000fa900000, 0x0000000100000000)
  eden space 469504K, 0% used [0x00000000d5580000,0x00000000d5580000,0x00000000f2000000)
  from space 64512K, 0% used [0x00000000f6a00000,0x00000000f6a00000,0x00000000fa900000)
  to   space 70144K, 0% used [0x00000000f2000000,0x00000000f2000000,0x00000000f6480000)
 ParOldGen       total 427520K, used 70109K [0x0000000080000000, 0x000000009a180000, 0x00000000d5580000)
  object space 427520K, 16% used [0x0000000080000000,0x0000000084477408,0x000000009a180000)
 Metaspace       used 78250K, capacity 85562K, committed 91136K, reserved 1128448K
  class space    used 9635K, capacity 10108K, committed 11264K, reserved 1048576K
}
Event: 28098.996 GC heap before
{Heap before GC invocations=252 (full 61):
 PSYoungGen      total 534016K, used 112813K [0x00000000d5580000, 0x00000000fa900000, 0x0000000100000000)
  eden space 469504K, 24% used [0x00000000d5580000,0x00000000dc3ab5b0,0x00000000f2000000)
  from space 64512K, 0% used [0x00000000f6a00000,0x00000000f6a00000,0x00000000fa900000)
  to   space 70144K, 0% used [0x00000000f2000000,0x00000000f2000000,0x00000000f6480000)
 ParOldGen       total 427520K, used 70109K [0x0000000080000000, 0x000000009a180000, 0x00000000d5580000)
  object space 427520K, 16% used [0x0000000080000000,0x0000000084477408,0x000000009a180000)
 Metaspace       used 78389K, capacity 85954K, committed 91136K, reserved 1128448K
  class space    used 9671K, capacity 10160K, committed 11264K, reserved 1048576K
Event: 28099.000 GC heap after
Heap after GC invocations=252 (full 61):
 PSYoungGen      total 471040K, used 1200K [0x00000000d5580000, 0x00000000fa400000, 0x0000000100000000)
  eden space 469504K, 0% used [0x00000000d5580000,0x00000000d5580000,0x00000000f2000000)
  from space 1536K, 78% used [0x00000000f2000000,0x00000000f212c030,0x00000000f2180000)
  to   space 67584K, 0% used [0x00000000f6200000,0x00000000f6200000,0x00000000fa400000)
 ParOldGen       total 427520K, used 70109K [0x0000000080000000, 0x000000009a180000, 0x00000000d5580000)
  object space 427520K, 16% used [0x0000000080000000,0x0000000084477408,0x000000009a180000)
 Metaspace       used 78389K, capacity 85954K, committed 91136K, reserved 1128448K
  class space    used 9671K, capacity 10160K, committed 11264K, reserved 1048576K
}
Event: 28099.000 GC heap before
{Heap before GC invocations=253 (full 62):
 PSYoungGen      total 471040K, used 1200K [0x00000000d5580000, 0x00000000fa400000, 0x0000000100000000)
  eden space 469504K, 0% used [0x00000000d5580000,0x00000000d5580000,0x00000000f2000000)
  from space 1536K, 78% used [0x00000000f2000000,0x00000000f212c030,0x00000000f2180000)
  to   space 67584K, 0% used [0x00000000f6200000,0x00000000f6200000,0x00000000fa400000)
 ParOldGen       total 427520K, used 70109K [0x0000000080000000, 0x000000009a180000, 0x00000000d5580000)
  object space 427520K, 16% used [0x0000000080000000,0x0000000084477408,0x000000009a180000)
 Metaspace       used 78389K, capacity 85954K, committed 91136K, reserved 1128448K
  class space    used 9671K, capacity 10160K, committed 11264K, reserved 1048576K
Event: 28099.202 GC heap after
Heap after GC invocations=253 (full 62):
 PSYoungGen      total 471040K, used 0K [0x00000000d5580000, 0x00000000fa400000, 0x0000000100000000)
  eden space 469504K, 0% used [0x00000000d5580000,0x00000000d5580000,0x00000000f2000000)
  from space 1536K, 0% used [0x00000000f2000000,0x00000000f2000000,0x00000000f2180000)
  to   space 67584K, 0% used [0x00000000f6200000,0x00000000f6200000,0x00000000fa400000)
 ParOldGen       total 427520K, used 69107K [0x0000000080000000, 0x000000009a180000, 0x00000000d5580000)
  object space 427520K, 16% used [0x0000000080000000,0x000000008437ce48,0x000000009a180000)
 Metaspace       used 78362K, capacity 85866K, committed 91136K, reserved 1128448K
  class space    used 9663K, capacity 10152K, committed 11264K, reserved 1048576K
}
Event: 28464.200 GC heap before
{Heap before GC invocations=254 (full 62):
 PSYoungGen      total 471040K, used 264174K [0x00000000d5580000, 0x00000000fa400000, 0x0000000100000000)
  eden space 469504K, 56% used [0x00000000d5580000,0x00000000e577b968,0x00000000f2000000)
  from space 1536K, 0% used [0x00000000f2000000,0x00000000f2000000,0x00000000f2180000)
  to   space 67584K, 0% used [0x00000000f6200000,0x00000000f6200000,0x00000000fa400000)
 ParOldGen       total 427520K, used 69107K [0x0000000080000000, 0x000000009a180000, 0x00000000d5580000)
  object space 427520K, 16% used [0x0000000080000000,0x000000008437ce48,0x000000009a180000)
 Metaspace       used 79278K, capacity 87052K, committed 91392K, reserved 1130496K
  class space    used 9782K, capacity 10305K, committed 11264K, reserved 1048576K
Event: 28464.205 GC heap after
Heap after GC invocations=254 (full 62):
 PSYoungGen      total 530944K, used 2829K [0x00000000d5580000, 0x00000000f9e00000, 0x0000000100000000)
  eden space 469504K, 0% used [0x00000000d5580000,0x00000000d5580000,0x00000000f2000000)
  from space 61440K, 4% used [0x00000000f6200000,0x00000000f64c34a8,0x00000000f9e00000)
  to   space 64512K, 0% used [0x00000000f2000000,0x00000000f2000000,0x00000000f5f00000)
 ParOldGen       total 427520K, used 69115K [0x0000000080000000, 0x000000009a180000, 0x00000000d5580000)
  object space 427520K, 16% used [0x0000000080000000,0x000000008437ee48,0x000000009a180000)
 Metaspace       used 79278K, capacity 87052K, committed 91392K, reserved 1130496K
  class space    used 9782K, capacity 10305K, committed 11264K, reserved 1048576K
}
Event: 28464.205 GC heap before
{Heap before GC invocations=255 (full 63):
 PSYoungGen      total 530944K, used 2829K [0x00000000d5580000, 0x00000000f9e00000, 0x0000000100000000)
  eden space 469504K, 0% used [0x00000000d5580000,0x00000000d5580000,0x00000000f2000000)
  from space 61440K, 4% used [0x00000000f6200000,0x00000000f64c34a8,0x00000000f9e00000)
  to   space 64512K, 0% used [0x00000000f2000000,0x00000000f2000000,0x00000000f5f00000)
 ParOldGen       total 427520K, used 69115K [0x0000000080000000, 0x000000009a180000, 0x00000000d5580000)
  object space 427520K, 16% used [0x0000000080000000,0x000000008437ee48,0x000000009a180000)
 Metaspace       used 79278K, capacity 87052K, committed 91392K, reserved 1130496K
  class space    used 9782K, capacity 10305K, committed 11264K, reserved 1048576K
Event: 28464.442 GC heap after
Heap after GC invocations=255 (full 63):
 PSYoungGen      total 530944K, used 0K [0x00000000d5580000, 0x00000000f9e00000, 0x0000000100000000)
  eden space 469504K, 0% used [0x00000000d5580000,0x00000000d5580000,0x00000000f2000000)
  from space 61440K, 0% used [0x00000000f6200000,0x00000000f6200000,0x00000000f9e00000)
  to   space 64512K, 0% used [0x00000000f2000000,0x00000000f2000000,0x00000000f5f00000)
 ParOldGen       total 427520K, used 70516K [0x0000000080000000, 0x000000009a180000, 0x00000000d5580000)
  object space 427520K, 16% used [0x0000000080000000,0x00000000844dd160,0x000000009a180000)
 Metaspace       used 78506K, capacity 86152K, committed 91392K, reserved 1130496K
  class space    used 9689K, capacity 10193K, committed 11264K, reserved 1048576K
}

