# JRE version: Java(TM) SE Runtime Environment (8.0_73-b02) (build 1.8.0_73-b02)
# Java VM: Java HotSpot(TM) 64-Bit Server VM (25.73-b02 mixed mode windows-amd64 compressed oops)
Heap:
 PSYoungGen      total 510464K, used 244878K [0x00000000d5580000, 0x0000000100000000, 0x0000000100000000)
  eden space 410624K, 35% used [0x00000000d5580000,0x00000000de48e798,0x00000000ee680000)
  from space 99840K, 98% used [0x00000000ee680000,0x00000000f4695098,0x00000000f4800000)
  to   space 116224K, 0% used [0x00000000f8e80000,0x00000000f8e80000,0x0000000100000000)
 ParOldGen       total 191488K, used 88564K [0x0000000080000000, 0x000000008bb00000, 0x00000000d5580000)
  object space 191488K, 46% used [0x0000000080000000,0x000000008567d058,0x000000008bb00000)
 Metaspace       used 64112K, capacity 66146K, committed 67072K, reserved 1107968K
  class space    used 8137K, capacity 8599K, committed 8960K, reserved 1048576K
GC Heap History (10 events):
Event: 884.306 GC heap before
{Heap before GC invocations=29 (full 6):
 PSYoungGen      total 377344K, used 318112K [0x00000000d5580000, 0x00000000f2200000, 0x0000000100000000)
  eden space 305664K, 100% used [0x00000000d5580000,0x00000000e8000000,0x00000000e8000000)
  from space 71680K, 17% used [0x00000000ec300000,0x00000000ecf28060,0x00000000f0900000)
  to   space 68608K, 0% used [0x00000000e8000000,0x00000000e8000000,0x00000000ec300000)
 ParOldGen       total 191488K, used 54140K [0x0000000080000000, 0x000000008bb00000, 0x00000000d5580000)
  object space 191488K, 28% used [0x0000000080000000,0x00000000834df030,0x000000008bb00000)
 Metaspace       used 63927K, capacity 65986K, committed 67072K, reserved 1107968K
  class space    used 8133K, capacity 8567K, committed 8960K, reserved 1048576K
Event: 884.330 GC heap after
Heap after GC invocations=29 (full 6):
 PSYoungGen      total 374272K, used 22281K [0x00000000d5580000, 0x00000000f1880000, 0x0000000100000000)
  eden space 305664K, 0% used [0x00000000d5580000,0x00000000d5580000,0x00000000e8000000)
  from space 68608K, 32% used [0x00000000e8000000,0x00000000e95c2470,0x00000000ec300000)
  to   space 64512K, 0% used [0x00000000ed980000,0x00000000ed980000,0x00000000f1880000)
 ParOldGen       total 191488K, used 54148K [0x0000000080000000, 0x000000008bb00000, 0x00000000d5580000)
  object space 191488K, 28% used [0x0000000080000000,0x00000000834e1030,0x000000008bb00000)
 Metaspace       used 63927K, capacity 65986K, committed 67072K, reserved 1107968K
  class space    used 8133K, capacity 8567K, committed 8960K, reserved 1048576K
}
Event: 886.950 GC heap before
{Heap before GC invocations=30 (full 6):
 PSYoungGen      total 374272K, used 327945K [0x00000000d5580000, 0x00000000f1880000, 0x0000000100000000)
  eden space 305664K, 100% used [0x00000000d5580000,0x00000000e8000000,0x00000000e8000000)
  from space 68608K, 32% used [0x00000000e8000000,0x00000000e95c2470,0x00000000ec300000)
  to   space 64512K, 0% used [0x00000000ed980000,0x00000000ed980000,0x00000000f1880000)
 ParOldGen       total 191488K, used 54148K [0x0000000080000000, 0x000000008bb00000, 0x00000000d5580000)
  object space 191488K, 28% used [0x0000000080000000,0x00000000834e1030,0x000000008bb00000)
 Metaspace       used 63999K, capacity 66050K, committed 67072K, reserved 1107968K
  class space    used 8134K, capacity 8567K, committed 8960K, reserved 1048576K
Event: 886.980 GC heap after
Heap after GC invocations=30 (full 6):
 PSYoungGen      total 398848K, used 29983K [0x00000000d5580000, 0x00000000f2000000, 0x0000000100000000)
  eden space 334336K, 0% used [0x00000000d5580000,0x00000000d5580000,0x00000000e9c00000)
  from space 64512K, 46% used [0x00000000ed980000,0x00000000ef6c7c88,0x00000000f1880000)
  to   space 62976K, 0% used [0x00000000e9c00000,0x00000000e9c00000,0x00000000ed980000)
 ParOldGen       total 191488K, used 54156K [0x0000000080000000, 0x000000008bb00000, 0x00000000d5580000)
  object space 191488K, 28% used [0x0000000080000000,0x00000000834e3030,0x000000008bb00000)
 Metaspace       used 63999K, capacity 66050K, committed 67072K, reserved 1107968K
  class space    used 8134K, capacity 8567K, committed 8960K, reserved 1048576K
}
Event: 887.968 GC heap before
{Heap before GC invocations=31 (full 6):
 PSYoungGen      total 398848K, used 364319K [0x00000000d5580000, 0x00000000f2000000, 0x0000000100000000)
  eden space 334336K, 100% used [0x00000000d5580000,0x00000000e9c00000,0x00000000e9c00000)
  from space 64512K, 46% used [0x00000000ed980000,0x00000000ef6c7c88,0x00000000f1880000)
  to   space 62976K, 0% used [0x00000000e9c00000,0x00000000e9c00000,0x00000000ed980000)
 ParOldGen       total 191488K, used 54156K [0x0000000080000000, 0x000000008bb00000, 0x00000000d5580000)
  object space 191488K, 28% used [0x0000000080000000,0x00000000834e3030,0x000000008bb00000)
 Metaspace       used 64042K, capacity 66050K, committed 67072K, reserved 1107968K
  class space    used 8135K, capacity 8567K, committed 8960K, reserved 1048576K
Event: 888.092 GC heap after
Heap after GC invocations=31 (full 6):
 PSYoungGen      total 397312K, used 62960K [0x00000000d5580000, 0x00000000f9400000, 0x0000000100000000)
  eden space 334336K, 0% used [0x00000000d5580000,0x00000000d5580000,0x00000000e9c00000)
  from space 62976K, 99% used [0x00000000e9c00000,0x00000000ed97c280,0x00000000ed980000)
  to   space 77824K, 0% used [0x00000000f4800000,0x00000000f4800000,0x00000000f9400000)
 ParOldGen       total 191488K, used 65309K [0x0000000080000000, 0x000000008bb00000, 0x00000000d5580000)
  object space 191488K, 34% used [0x0000000080000000,0x0000000083fc7558,0x000000008bb00000)
 Metaspace       used 64042K, capacity 66050K, committed 67072K, reserved 1107968K
  class space    used 8135K, capacity 8567K, committed 8960K, reserved 1048576K
}
Event: 889.102 GC heap before
{Heap before GC invocations=32 (full 6):
 PSYoungGen      total 397312K, used 397296K [0x00000000d5580000, 0x00000000f9400000, 0x0000000100000000)
  eden space 334336K, 100% used [0x00000000d5580000,0x00000000e9c00000,0x00000000e9c00000)
  from space 62976K, 99% used [0x00000000e9c00000,0x00000000ed97c280,0x00000000ed980000)
  to   space 77824K, 0% used [0x00000000f4800000,0x00000000f4800000,0x00000000f9400000)
 ParOldGen       total 191488K, used 65309K [0x0000000080000000, 0x000000008bb00000, 0x00000000d5580000)
  object space 191488K, 34% used [0x0000000080000000,0x0000000083fc7558,0x000000008bb00000)
 Metaspace       used 64071K, capacity 66050K, committed 67072K, reserved 1107968K
  class space    used 8136K, capacity 8567K, committed 8960K, reserved 1048576K
Event: 889.262 GC heap after
Heap after GC invocations=32 (full 6):
 PSYoungGen      total 488448K, used 77805K [0x00000000d5580000, 0x00000000fcc00000, 0x0000000100000000)
  eden space 410624K, 0% used [0x00000000d5580000,0x00000000d5580000,0x00000000ee680000)
  from space 77824K, 99% used [0x00000000f4800000,0x00000000f93fb5e0,0x00000000f9400000)
  to   space 99840K, 0% used [0x00000000ee680000,0x00000000ee680000,0x00000000f4800000)
 ParOldGen       total 191488K, used 88556K [0x0000000080000000, 0x000000008bb00000, 0x00000000d5580000)
  object space 191488K, 46% used [0x0000000080000000,0x000000008567b058,0x000000008bb00000)
 Metaspace       used 64071K, capacity 66050K, committed 67072K, reserved 1107968K
  class space    used 8136K, capacity 8567K, committed 8960K, reserved 1048576K
}
Event: 890.946 GC heap before
{Heap before GC invocations=33 (full 6):
 PSYoungGen      total 488448K, used 488429K [0x00000000d5580000, 0x00000000fcc00000, 0x0000000100000000)
  eden space 410624K, 100% used [0x00000000d5580000,0x00000000ee680000,0x00000000ee680000)
  from space 77824K, 99% used [0x00000000f4800000,0x00000000f93fb5e0,0x00000000f9400000)
  to   space 99840K, 0% used [0x00000000ee680000,0x00000000ee680000,0x00000000f4800000)
 ParOldGen       total 191488K, used 88556K [0x0000000080000000, 0x000000008bb00000, 0x00000000d5580000)
  object space 191488K, 46% used [0x0000000080000000,0x000000008567b058,0x000000008bb00000)
 Metaspace       used 64107K, capacity 66146K, committed 67072K, reserved 1107968K
  class space    used 8137K, capacity 8599K, committed 8960K, reserved 1048576K
Event: 891.101 GC heap after
Heap after GC invocations=33 (full 6):
 PSYoungGen      total 510464K, used 98388K [0x00000000d5580000, 0x0000000100000000, 0x0000000100000000)
  eden space 410624K, 0% used [0x00000000d5580000,0x00000000d5580000,0x00000000ee680000)
  from space 99840K, 98% used [0x00000000ee680000,0x00000000f4695098,0x00000000f4800000)
  to   space 116224K, 0% used [0x00000000f8e80000,0x00000000f8e80000,0x0000000100000000)
 ParOldGen       total 191488K, used 88564K [0x0000000080000000, 0x000000008bb00000, 0x00000000d5580000)
  object space 191488K, 46% used [0x0000000080000000,0x000000008567d058,0x000000008bb00000)
 Metaspace       used 64107K, capacity 66146K, committed 67072K, reserved 1107968K
  class space    used 8137K, capacity 8599K, committed 8960K, reserved 1048576K
}

